<?xml version="1.0" encoding="UTF-8"?>
<!-- Generated by org.testng.reporters.JUnitReportReporter -->
<testsuite skipped="0" hostname="Lux" name="cucumber.runners.TestNGCucumberRunner01" tests="1" failures="0" timestamp="13 kwi 2018 12:17:28 GMT" time="0.113" errors="0">
  <testcase name="feature" time="0.113" classname="cucumber.runners.TestNGCucumberRunner01"/>
</testsuite> <!-- cucumber.runners.TestNGCucumberRunner01 -->
