<?xml version="1.0" encoding="UTF-8"?>
<!-- Generated by org.testng.reporters.JUnitReportReporter -->
<testsuite skipped="0" hostname="DESKTOP-RP5FHGT" name="test.WebDriverTest" tests="1" failures="0" timestamp="12 kwi 2018 13:13:58 GMT" time="0.893" errors="0">
  <testcase name="simpletest" time="0.893" classname="test.WebDriverTest"/>
</testsuite> <!-- test.WebDriverTest -->
